<?xml version="1.0" encoding="UTF-8"?>
<TestRun id="73da4d43-3054-4f44-a356-1ce9388435da" name="Rutger@RUTGER-PC 2015-02-04 12:40:50" runUser="Rutger-PC\Rutger" xmlns="http://microsoft.com/schemas/VisualStudio/TeamTest/2010">
  <TestSettings name="Local" id="615f2344-33cd-4b11-a440-94dfd2af8589">
    <Description>These are default test settings for a local test run.</Description>
    <Deployment enabled="false" runDeploymentRoot="Rutger_RUTGER-PC 2015-02-04 12_40_50">
      <DeploymentItem filename="C:\Program Files (x86)\Microsoft XNA\XNA Game Studio\v4.0\References\Windows\x86\Microsoft.Xna.Framework.dll" />
      <DeploymentItem filename="C:\Users\Rutger\Desktop\ha\trunk\Jumping\Jumping\Jumping.exe" />
      <DeploymentItem filename="C:\Program Files (x86)\Microsoft XNA\XNA Game Studio\v4.0\References\Windows\x86\Microsoft.Xna.Framework.Graphics.dll" />
    </Deployment>
    <Execution>
      <TestTypeSpecific />
      <AgentRule name="Execution Agents">
      </AgentRule>
    </Execution>
  </TestSettings>
  <Times creation="2015-02-04T12:40:50.9062323+01:00" queuing="2015-02-04T12:40:50.9662358+01:00" start="2015-02-04T12:40:50.9732362+01:00" finish="2015-02-04T12:40:51.1922487+01:00" />
  <ResultSummary outcome="Failed">
    <Counters total="1" executed="1" error="0" failed="1" timeout="0" aborted="0" inconclusive="0" passedButRunAborted="0" notRunnable="0" notExecuted="0" disconnected="0" warning="0" passed="0" completed="0" inProgress="0" pending="0" />
  </ResultSummary>
  <TestDefinitions>
    <UnitTest name="TestThrownObjectsAtRightScreenEdgeDeletion" storage="c:\users\rutger\desktop\ha\trunk\projectherkansingtestomgeving\bin\debug\projectherkansingtestomgeving.dll" id="8d69ca34-edd5-05f2-fe4d-8b094a30597d">
      <Execution id="eeefa847-c4fc-4b9a-aeeb-7ab3d4733219" />
      <TestMethod codeBase="C:/Users/Rutger/Desktop/ha/trunk/ProjectHerkansingTestOmgeving/bin/Debug/ProjectHerkansingTestOmgeving.DLL" adapterTypeName="Microsoft.VisualStudio.TestTools.TestTypes.Unit.UnitTestAdapter, Microsoft.VisualStudio.QualityTools.Tips.UnitTest.Adapter, Version=10.0.0.0, Culture=neutral, PublicKeyToken=b03f5f7f11d50a3a" className="ProjectHerkansingTestOmgeving.ThrowObjectTest, ProjectHerkansingTestOmgeving, Version=1.0.0.0, Culture=neutral, PublicKeyToken=null" name="TestThrownObjectsAtRightScreenEdgeDeletion" />
    </UnitTest>
  </TestDefinitions>
  <TestLists>
    <TestList name="Results Not in a List" id="8c84fa94-04c1-424b-9868-57a2d4851a1d" />
    <TestList name="All Loaded Results" id="19431567-8539-422a-85d7-44ee4e166bda" />
  </TestLists>
  <TestEntries>
    <TestEntry testId="8d69ca34-edd5-05f2-fe4d-8b094a30597d" executionId="eeefa847-c4fc-4b9a-aeeb-7ab3d4733219" testListId="8c84fa94-04c1-424b-9868-57a2d4851a1d" />
  </TestEntries>
  <Results>
    <UnitTestResult executionId="eeefa847-c4fc-4b9a-aeeb-7ab3d4733219" testId="8d69ca34-edd5-05f2-fe4d-8b094a30597d" testName="TestThrownObjectsAtRightScreenEdgeDeletion" computerName="RUTGER-PC" duration="00:00:00.0316228" startTime="2015-02-04T12:40:50.9762364+01:00" endTime="2015-02-04T12:40:51.1542465+01:00" testType="13cdc9d9-ddb5-4fa4-a97d-d965ccfc6d4b" outcome="Failed" testListId="8c84fa94-04c1-424b-9868-57a2d4851a1d" relativeResultsDirectory="eeefa847-c4fc-4b9a-aeeb-7ab3d4733219">
      <Output>
        <ErrorInfo>
          <Message>Assert.IsFalse failed. </Message>
          <StackTrace>   at ProjectHerkansingTestOmgeving.ThrowObjectTest.TestThrownObjectsAtRightScreenEdgeDeletion() in C:\Users\Rutger\Desktop\ha\trunk\ProjectHerkansingTestOmgeving\ThrowObjectTest.cs:line 226
</StackTrace>
        </ErrorInfo>
      </Output>
    </UnitTestResult>
  </Results>
</TestRun>