<?xml version="1.0" encoding="UTF-8"?>
<TestRun id="3b0e7ee8-0d0c-45ae-930d-44c47c9583f1" name="Rutger@RUTGER-PC 2015-02-03 15:15:41" runUser="Rutger-PC\Rutger" xmlns="http://microsoft.com/schemas/VisualStudio/TeamTest/2010">
  <TestSettings name="Local" id="615f2344-33cd-4b11-a440-94dfd2af8589">
    <Description>These are default test settings for a local test run.</Description>
    <Deployment enabled="false" runDeploymentRoot="Rutger_RUTGER-PC 2015-02-03 15_15_41">
      <DeploymentItem filename="C:\Program Files (x86)\Microsoft XNA\XNA Game Studio\v4.0\References\Windows\x86\Microsoft.Xna.Framework.dll" />
      <DeploymentItem filename="C:\Users\Rutger\Desktop\ha\trunk\Jumping\Jumping\Jumping.exe" />
      <DeploymentItem filename="C:\Program Files (x86)\Microsoft XNA\XNA Game Studio\v4.0\References\Windows\x86\Microsoft.Xna.Framework.Graphics.dll" />
    </Deployment>
    <Execution>
      <TestTypeSpecific />
      <AgentRule name="Execution Agents">
      </AgentRule>
    </Execution>
  </TestSettings>
  <Times creation="2015-02-03T15:15:41.1966493+01:00" queuing="2015-02-03T15:15:41.2496524+01:00" start="2015-02-03T15:15:41.2546526+01:00" finish="2015-02-03T15:15:41.5046669+01:00" />
  <ResultSummary outcome="Completed">
    <Counters total="1" executed="1" passed="1" error="0" failed="0" timeout="0" aborted="0" inconclusive="0" passedButRunAborted="0" notRunnable="0" notExecuted="0" disconnected="0" warning="0" completed="0" inProgress="0" pending="0" />
  </ResultSummary>
  <TestDefinitions>
    <UnitTest name="TestThrownObjectCollisionBoxToTheLeftUpdate" storage="c:\users\rutger\desktop\ha\trunk\projectherkansingtestomgeving\bin\debug\projectherkansingtestomgeving.dll" id="6ac9e95e-70bd-bc5d-9142-0682fad7d26a">
      <Execution id="dd1442ed-5164-482d-8d29-b73818c3be31" />
      <TestMethod codeBase="C:/Users/Rutger/Desktop/ha/trunk/ProjectHerkansingTestOmgeving/bin/Debug/ProjectHerkansingTestOmgeving.DLL" adapterTypeName="Microsoft.VisualStudio.TestTools.TestTypes.Unit.UnitTestAdapter, Microsoft.VisualStudio.QualityTools.Tips.UnitTest.Adapter, Version=10.0.0.0, Culture=neutral, PublicKeyToken=b03f5f7f11d50a3a" className="ProjectHerkansingTestOmgeving.ThrowObjectTest, ProjectHerkansingTestOmgeving, Version=1.0.0.0, Culture=neutral, PublicKeyToken=null" name="TestThrownObjectCollisionBoxToTheLeftUpdate" />
    </UnitTest>
  </TestDefinitions>
  <TestLists>
    <TestList name="Results Not in a List" id="8c84fa94-04c1-424b-9868-57a2d4851a1d" />
    <TestList name="All Loaded Results" id="19431567-8539-422a-85d7-44ee4e166bda" />
  </TestLists>
  <TestEntries>
    <TestEntry testId="6ac9e95e-70bd-bc5d-9142-0682fad7d26a" executionId="dd1442ed-5164-482d-8d29-b73818c3be31" testListId="8c84fa94-04c1-424b-9868-57a2d4851a1d" />
  </TestEntries>
  <Results>
    <UnitTestResult executionId="dd1442ed-5164-482d-8d29-b73818c3be31" testId="6ac9e95e-70bd-bc5d-9142-0682fad7d26a" testName="TestThrownObjectCollisionBoxToTheLeftUpdate" computerName="RUTGER-PC" duration="00:00:00.0197115" startTime="2015-02-03T15:15:41.2586529+01:00" endTime="2015-02-03T15:15:41.4346629+01:00" testType="13cdc9d9-ddb5-4fa4-a97d-d965ccfc6d4b" outcome="Passed" testListId="8c84fa94-04c1-424b-9868-57a2d4851a1d" relativeResultsDirectory="dd1442ed-5164-482d-8d29-b73818c3be31">
    </UnitTestResult>
  </Results>
</TestRun>