<?xml version="1.0" encoding="UTF-8"?>
<TestRun id="e3ab50e9-282d-47dc-afb3-d1e831eb7a25" name="Rutger@RUTGER-PC 2015-02-03 15:13:30" runUser="Rutger-PC\Rutger" xmlns="http://microsoft.com/schemas/VisualStudio/TeamTest/2010">
  <TestSettings name="Local" id="615f2344-33cd-4b11-a440-94dfd2af8589">
    <Description>These are default test settings for a local test run.</Description>
    <Deployment userDeploymentRoot="C:\Users\Rutger\Desktop\ha\trunk\TestResults" useDefaultDeploymentRoot="false" enabled="false" runDeploymentRoot="Rutger_RUTGER-PC 2015-02-03 15_13_30">
      <DeploymentItem filename="C:\Program Files (x86)\Microsoft XNA\XNA Game Studio\v4.0\References\Windows\x86\Microsoft.Xna.Framework.dll" />
      <DeploymentItem filename="C:\Users\Rutger\Desktop\ha\trunk\Jumping\Jumping\Jumping.exe" />
      <DeploymentItem filename="C:\Program Files (x86)\Microsoft XNA\XNA Game Studio\v4.0\References\Windows\x86\Microsoft.Xna.Framework.Graphics.dll" />
    </Deployment>
    <Execution>
      <TestTypeSpecific />
      <AgentRule name="Execution Agents">
      </AgentRule>
    </Execution>
  </TestSettings>
  <Times creation="2015-02-03T15:13:30.3761668+01:00" queuing="2015-02-03T15:13:30.4191693+01:00" start="2015-02-03T15:13:30.4231695+01:00" finish="2015-02-03T15:13:30.6201808+01:00" />
  <ResultSummary outcome="Failed">
    <Counters total="1" executed="1" error="0" failed="1" timeout="0" aborted="0" inconclusive="0" passedButRunAborted="0" notRunnable="0" notExecuted="0" disconnected="0" warning="0" passed="0" completed="0" inProgress="0" pending="0" />
  </ResultSummary>
  <TestDefinitions>
    <UnitTest name="TestThrownObjectCollisionBoxUpdate" storage="c:\users\rutger\desktop\ha\trunk\projectherkansingtestomgeving\bin\debug\projectherkansingtestomgeving.dll" id="a8375804-631d-f3ac-975c-8b146bcf34c7">
      <Execution id="63ea4075-bc0e-4a18-ad33-9b8887b38555" />
      <TestMethod codeBase="C:/Users/Rutger/Desktop/ha/trunk/ProjectHerkansingTestOmgeving/bin/Debug/ProjectHerkansingTestOmgeving.DLL" adapterTypeName="Microsoft.VisualStudio.TestTools.TestTypes.Unit.UnitTestAdapter, Microsoft.VisualStudio.QualityTools.Tips.UnitTest.Adapter, Version=10.0.0.0, Culture=neutral, PublicKeyToken=b03f5f7f11d50a3a" className="ProjectHerkansingTestOmgeving.ThrowObjectTest, ProjectHerkansingTestOmgeving, Version=1.0.0.0, Culture=neutral, PublicKeyToken=null" name="TestThrownObjectCollisionBoxUpdate" />
    </UnitTest>
  </TestDefinitions>
  <TestLists>
    <TestList name="Results Not in a List" id="8c84fa94-04c1-424b-9868-57a2d4851a1d" />
    <TestList name="All Loaded Results" id="19431567-8539-422a-85d7-44ee4e166bda" />
  </TestLists>
  <TestEntries>
    <TestEntry testId="a8375804-631d-f3ac-975c-8b146bcf34c7" executionId="63ea4075-bc0e-4a18-ad33-9b8887b38555" testListId="8c84fa94-04c1-424b-9868-57a2d4851a1d" />
  </TestEntries>
  <Results>
    <UnitTestResult executionId="63ea4075-bc0e-4a18-ad33-9b8887b38555" testId="a8375804-631d-f3ac-975c-8b146bcf34c7" testName="TestThrownObjectCollisionBoxUpdate" computerName="RUTGER-PC" duration="00:00:00.0348375" startTime="2015-02-03T15:13:30.4261697+01:00" endTime="2015-02-03T15:13:30.6081801+01:00" testType="13cdc9d9-ddb5-4fa4-a97d-d965ccfc6d4b" outcome="Failed" testListId="8c84fa94-04c1-424b-9868-57a2d4851a1d" relativeResultsDirectory="63ea4075-bc0e-4a18-ad33-9b8887b38555">
      <Output>
        <ErrorInfo>
          <Message>Assert.AreEqual failed. Expected:&lt;{X:55 Y:50 Width:50 Height:50}&gt;. Actual:&lt;{X:53 Y:50 Width:50 Height:50}&gt;. CollisionBox komt niet overeen met verwachte eind positie!</Message>
          <StackTrace>   at ProjectHerkansingTestOmgeving.ThrowObjectTest.TestThrownObjectCollisionBoxUpdate() in C:\Users\Rutger\Desktop\ha\trunk\ProjectHerkansingTestOmgeving\ThrowObjectTest.cs:line 166
</StackTrace>
        </ErrorInfo>
      </Output>
    </UnitTestResult>
  </Results>
</TestRun>