<?xml version="1.0" encoding="UTF-8"?>
<TestRun id="814c9fd9-430e-4dc4-9110-e0693175883b" name="Rutger@RUTGER-PC 2015-02-04 12:40:28" runUser="Rutger-PC\Rutger" xmlns="http://microsoft.com/schemas/VisualStudio/TeamTest/2010">
  <TestSettings name="Local" id="615f2344-33cd-4b11-a440-94dfd2af8589">
    <Description>These are default test settings for a local test run.</Description>
    <Deployment enabled="false" runDeploymentRoot="Rutger_RUTGER-PC 2015-02-04 12_40_28">
      <DeploymentItem filename="C:\Program Files (x86)\Microsoft XNA\XNA Game Studio\v4.0\References\Windows\x86\Microsoft.Xna.Framework.dll" />
      <DeploymentItem filename="C:\Users\Rutger\Desktop\ha\trunk\Jumping\Jumping\Jumping.exe" />
      <DeploymentItem filename="C:\Program Files (x86)\Microsoft XNA\XNA Game Studio\v4.0\References\Windows\x86\Microsoft.Xna.Framework.Graphics.dll" />
    </Deployment>
    <Execution>
      <TestTypeSpecific />
      <AgentRule name="Execution Agents">
      </AgentRule>
    </Execution>
  </TestSettings>
  <Times creation="2015-02-04T12:40:28.2189347+01:00" queuing="2015-02-04T12:40:28.2689376+01:00" start="2015-02-04T12:40:28.2729378+01:00" finish="2015-02-04T12:40:28.4559483+01:00" />
  <ResultSummary outcome="Completed">
    <Counters total="1" executed="1" passed="1" error="0" failed="0" timeout="0" aborted="0" inconclusive="0" passedButRunAborted="0" notRunnable="0" notExecuted="0" disconnected="0" warning="0" completed="0" inProgress="0" pending="0" />
  </ResultSummary>
  <TestDefinitions>
    <UnitTest name="TestThrownObjectsAtRightScreenEdgeDeletion" storage="c:\users\rutger\desktop\ha\trunk\projectherkansingtestomgeving\bin\debug\projectherkansingtestomgeving.dll" id="8d69ca34-edd5-05f2-fe4d-8b094a30597d">
      <Execution id="bbb948ac-73ab-4707-9901-d3184fe3f44c" />
      <TestMethod codeBase="C:/Users/Rutger/Desktop/ha/trunk/ProjectHerkansingTestOmgeving/bin/Debug/ProjectHerkansingTestOmgeving.DLL" adapterTypeName="Microsoft.VisualStudio.TestTools.TestTypes.Unit.UnitTestAdapter, Microsoft.VisualStudio.QualityTools.Tips.UnitTest.Adapter, Version=10.0.0.0, Culture=neutral, PublicKeyToken=b03f5f7f11d50a3a" className="ProjectHerkansingTestOmgeving.ThrowObjectTest, ProjectHerkansingTestOmgeving, Version=1.0.0.0, Culture=neutral, PublicKeyToken=null" name="TestThrownObjectsAtRightScreenEdgeDeletion" />
    </UnitTest>
  </TestDefinitions>
  <TestLists>
    <TestList name="Results Not in a List" id="8c84fa94-04c1-424b-9868-57a2d4851a1d" />
    <TestList name="All Loaded Results" id="19431567-8539-422a-85d7-44ee4e166bda" />
  </TestLists>
  <TestEntries>
    <TestEntry testId="8d69ca34-edd5-05f2-fe4d-8b094a30597d" executionId="bbb948ac-73ab-4707-9901-d3184fe3f44c" testListId="8c84fa94-04c1-424b-9868-57a2d4851a1d" />
  </TestEntries>
  <Results>
    <UnitTestResult executionId="bbb948ac-73ab-4707-9901-d3184fe3f44c" testId="8d69ca34-edd5-05f2-fe4d-8b094a30597d" testName="TestThrownObjectsAtRightScreenEdgeDeletion" computerName="RUTGER-PC" duration="00:00:00.0190606" startTime="2015-02-04T12:40:28.2759380+01:00" endTime="2015-02-04T12:40:28.4449476+01:00" testType="13cdc9d9-ddb5-4fa4-a97d-d965ccfc6d4b" outcome="Passed" testListId="8c84fa94-04c1-424b-9868-57a2d4851a1d" relativeResultsDirectory="bbb948ac-73ab-4707-9901-d3184fe3f44c">
    </UnitTestResult>
  </Results>
</TestRun>